<?xml version="1.0" encoding="UTF-8"?>
<Site BuildName="(empty)"
	BuildStamp="20241028-0824-Experimental"
	Name="(empty)"
	Generator="ctest-3.19.6"
	CompilerName=""
	CompilerVersion=""
	OSName="Linux"
	Hostname="mars"
	OSRelease="5.15.0-124-generic"
	OSVersion="#134~20.04.1-Ubuntu SMP Tue Oct 1 15:27:33 UTC 2024"
	OSPlatform="x86_64"
	Is64Bits="1"
	VendorString="AuthenticAMD"
	VendorID="Advanced Micro Devices"
	FamilyID="25"
	ModelID="97"
	ProcessorCacheSize="1024"
	NumberOfLogicalCPU="16"
	NumberOfPhysicalCPU="8"
	TotalVirtualMemory="0"
	TotalPhysicalMemory="63441"
	LogicalProcessorsPerPhysical="2"
	ProcessorClockFrequency="3000"
	>
	<Testing>
		<StartDateTime>Oct 28 08:24 UTC</StartDateTime>
		<StartTestTime>1730103878</StartTestTime>
		<TestList/>
		<EndDateTime>Oct 28 08:24 UTC</EndDateTime>
		<EndTestTime>1730103878</EndTestTime>
		<ElapsedMinutes>0</ElapsedMinutes>
	</Testing>
</Site>
